<?xml version="1.0"?>
<component name="nuxeo.ldt.parser.automationjs.test">

    <extension target="org.nuxeo.automation.scripting.internals.AutomationScriptingComponent" point="operation">

        <scriptedOperation id="javascript.test_render_pdf">
            <inputType>blob</inputType>
            <outputType>blob</outputType>
            <category>javascript</category>
            <description></description>
            <script><![CDATA[function run(input, params) {

                  var json = JSON.parse(input.getString());
                  
                  // Make sure items are ordered
                  json.record.items.sort(function(a, b) {
                    return a.order - b.order;
                  });
                  
                  // We also add missing fields, set them to "" and convert the negative string to number
                  // This happens when different types of items are used
                  json.record.items.forEach(function(item) {
                    if(!item.label) {
                      item.label = "";
                    }
                    if(!item.ref) {
                      item.ref = "";
                    }
                    if(item.amount.endsWith("-")) {
                      item.amount = item.amount.replace("-", "");
                      item.amount = +item.amount;
                      item.amount *= -1;
                    } else {
                      item.amount = +item.amount;
                    }
                  });

                  ctx.record = json.record;
                  // Because we have a JSON array of objects, used in freemarker,
                  // it is better ti have a Java object.
                  ctx.items = Java.to(json.record.items);

                  var dummyDoc = Session.createDocumentModel("/","File","File");

                  var html = Render.Document(dummyDoc,{
                    template: "template:StatementTemplate",
                    filename: "record.html",
                    mimetype: "text/html",
                    type: "ftl"
                  });
Console.log("================================================");
                  //Console.log(html.getString());
                  Console.log(html.getFilename());
                  Console.log(html.getMimeType());
Console.log("================================================");

                  return Blob.RunConverter(html, {
                    'converter': 'html2pdf'
                  });
             }]]>
            </script>
        </scriptedOperation>

    </extension>

</component>
